2025-08-05 18:21:25,974 [ERROR] [btcusdt] 处理异常: [Errno 2] No such file or directory: 'scaler.pkl'
2025-08-05 18:21:25,980 [ERROR] [ethusdt] 处理异常: [Errno 2] No such file or directory: 'scaler.pkl'
2025-08-05 18:21:25,985 [ERROR] [bnbusdt] 处理异常: [Errno 2] No such file or directory: 'scaler.pkl'
2025-08-05 18:21:25,991 [ERROR] [solusdt] 处理异常: [Errno 2] No such file or directory: 'scaler.pkl'
2025-08-05 18:21:25,998 [ERROR] [ltcusdt] 处理异常: [Errno 2] No such file or directory: 'scaler.pkl'
2025-08-05 18:21:26,003 [ERROR] [adausdt] 处理异常: [Errno 2] No such file or directory: 'scaler.pkl'
2025-08-05 18:21:26,009 [ERROR] [xrpusdt] 处理异常: [Errno 2] No such file or directory: 'scaler.pkl'
2025-08-05 18:21:26,016 [ERROR] [dogeusdt] 处理异常: [Errno 2] No such file or directory: 'scaler.pkl'
2025-08-05 18:21:26,021 [ERROR] [linkusdt] 处理异常: [Errno 2] No such file or directory: 'scaler.pkl'
2025-08-05 18:21:26,026 [ERROR] [avaxusdt] 处理异常: [Errno 2] No such file or directory: 'scaler.pkl'
2025-08-05 18:21:26,031 [ERROR] [op usdt] 处理异常: [Errno 2] No such file or directory: 'scaler.pkl'
2025-08-05 18:21:26,036 [ERROR] [arb usdt] 处理异常: [Errno 2] No such file or directory: 'scaler.pkl'
2025-08-05 18:21:26,042 [ERROR] [w usdt] 处理异常: [Errno 2] No such file or directory: 'scaler.pkl'
2025-08-05 18:21:26,047 [ERROR] [bchusdt] 处理异常: [Errno 2] No such file or directory: 'scaler.pkl'
2025-08-05 18:21:26,052 [ERROR] [uniusdt] 处理异常: [Errno 2] No such file or directory: 'scaler.pkl'
2025-08-05 18:21:26,057 [ERROR] [dotusdt] 处理异常: [Errno 2] No such file or directory: 'scaler.pkl'
2025-08-05 18:21:26,063 [ERROR] [maticusdt] 处理异常: [Errno 2] No such file or directory: 'scaler.pkl'
2025-08-05 18:21:26,068 [ERROR] [filusdt] 处理异常: [Errno 2] No such file or directory: 'scaler.pkl'
2025-08-05 18:21:26,073 [ERROR] [etcusdt] 处理异常: [Errno 2] No such file or directory: 'scaler.pkl'
2025-08-05 18:21:26,078 [ERROR] [atomusdt] 处理异常: [Errno 2] No such file or directory: 'scaler.pkl'
